<?xml version="1.0" encoding="UTF-8"?>
<!-- Generated by org.testng.reporters.JUnitReportReporter -->
<testsuite skipped="0" hostname="DESKTOP-GIRI" name="MyPractiseJune17.MyPractiseJune17.NewTest" tests="1" failures="0" timestamp="21 Jun 2020 01:45:07 GMT" time="0.009" errors="0">
  <testcase name="f" time="0.009" classname="MyPractiseJune17.MyPractiseJune17.NewTest"/>
</testsuite> <!-- MyPractiseJune17.MyPractiseJune17.NewTest -->
